Flow report for FPGA_Urna
Wed Nov 28 10:15:28 2018
Quartus Prime Version 17.0.0 Build 595 04/25/2017 SJ Lite Edition


---------------------
; Table of Contents ;
---------------------
  1. Legal Notice
  2. Flow Summary
  3. Flow Settings
  4. Flow Non-Default Global Settings
  5. Flow Elapsed Time
  6. Flow OS Summary
  7. Flow Log
  8. Flow Messages
  9. Flow Suppressed Messages



----------------
; Legal Notice ;
----------------
Copyright (C) 2017  Intel Corporation. All rights reserved.
Your use of Intel Corporation's design tools, logic functions 
and other software and tools, and its AMPP partner logic 
functions, and any output files from any of the foregoing 
(including device programming or simulation files), and any 
associated documentation or information are expressly subject 
to the terms and conditions of the Intel Program License 
Subscription Agreement, the Intel Quartus Prime License Agreement,
the Intel MegaCore Function License Agreement, or other 
applicable license agreement, including, without limitation, 
that your use is for the sole purpose of programming logic 
devices manufactured by Intel and sold by Intel or its 
authorized distributors.  Please refer to the applicable 
agreement for further details.



+----------------------------------------------------------------------------------+
; Flow Summary                                                                     ;
+------------------------------------+---------------------------------------------+
; Flow Status                        ; Successful - Wed Nov 28 10:15:24 2018       ;
; Quartus Prime Version              ; 17.0.0 Build 595 04/25/2017 SJ Lite Edition ;
; Revision Name                      ; FPGA_Urna                                   ;
; Top-level Entity Name              ; FPGA_Urna                                   ;
; Family                             ; Cyclone IV E                                ;
; Device                             ; EP4CE115F29C7                               ;
; Timing Models                      ; Final                                       ;
; Total logic elements               ; 128 / 114,480 ( < 1 % )                     ;
;     Total combinational functions  ; 128 / 114,480 ( < 1 % )                     ;
;     Dedicated logic registers      ; 52 / 114,480 ( < 1 % )                      ;
; Total registers                    ; 52                                          ;
; Total pins                         ; 49 / 529 ( 9 % )                            ;
; Total virtual pins                 ; 0                                           ;
; Total memory bits                  ; 0 / 3,981,312 ( 0 % )                       ;
; Embedded Multiplier 9-bit elements ; 0 / 532 ( 0 % )                             ;
; Total PLLs                         ; 0 / 4 ( 0 % )                               ;
+------------------------------------+---------------------------------------------+


+-----------------------------------------+
; Flow Settings                           ;
+-------------------+---------------------+
; Option            ; Setting             ;
+-------------------+---------------------+
; Start date & time ; 11/28/2018 10:14:48 ;
; Main task         ; Compilation         ;
; Revision Name     ; FPGA_Urna           ;
+-------------------+---------------------+


+-------------------------------------------------------------------------------------------------------------------------+
; Flow Non-Default Global Settings                                                                                        ;
+-------------------------------------+----------------------------------------+---------------+-------------+------------+
; Assignment Name                     ; Value                                  ; Default Value ; Entity Name ; Section Id ;
+-------------------------------------+----------------------------------------+---------------+-------------+------------+
; COMPILER_SIGNATURE_ID               ; 13555280686968.154340728805584         ; --            ; --          ; --         ;
; PARTITION_COLOR                     ; -- (Not supported for targeted family) ; --            ; --          ; Top        ;
; PARTITION_FITTER_PRESERVATION_LEVEL ; -- (Not supported for targeted family) ; --            ; --          ; Top        ;
; PARTITION_NETLIST_TYPE              ; -- (Not supported for targeted family) ; --            ; --          ; Top        ;
+-------------------------------------+----------------------------------------+---------------+-------------+------------+


+-------------------------------------------------------------------------------------------------------------------------------+
; Flow Elapsed Time                                                                                                             ;
+---------------------------+--------------+-------------------------+---------------------+------------------------------------+
; Module Name               ; Elapsed Time ; Average Processors Used ; Peak Virtual Memory ; Total CPU Time (on all processors) ;
+---------------------------+--------------+-------------------------+---------------------+------------------------------------+
; Analysis & Synthesis      ; 00:00:12     ; 1.0                     ; 639 MB              ; 00:00:26                           ;
; Fitter                    ; 00:00:18     ; 1.0                     ; 1477 MB             ; 00:00:28                           ;
; Assembler                 ; 00:00:03     ; 1.0                     ; 550 MB              ; 00:00:04                           ;
; TimeQuest Timing Analyzer ; 00:00:03     ; 1.1                     ; 697 MB              ; 00:00:02                           ;
; Total                     ; 00:00:36     ; --                      ; --                  ; 00:01:00                           ;
+---------------------------+--------------+-------------------------+---------------------+------------------------------------+


+------------------------------------------------------------------------------------------+
; Flow OS Summary                                                                          ;
+---------------------------+------------------+-------------+------------+----------------+
; Module Name               ; Machine Hostname ; OS Name     ; OS Version ; Processor type ;
+---------------------------+------------------+-------------+------------+----------------+
; Analysis & Synthesis      ; Acer-Nitro       ; Windows 8.1 ; 6.3        ; x86_64         ;
; Fitter                    ; Acer-Nitro       ; Windows 8.1 ; 6.3        ; x86_64         ;
; Assembler                 ; Acer-Nitro       ; Windows 8.1 ; 6.3        ; x86_64         ;
; TimeQuest Timing Analyzer ; Acer-Nitro       ; Windows 8.1 ; 6.3        ; x86_64         ;
+---------------------------+------------------+-------------+------------+----------------+


------------
; Flow Log ;
------------
quartus_map --read_settings_files=on --write_settings_files=off FPGA_Urna -c FPGA_Urna
quartus_fit --read_settings_files=off --write_settings_files=off FPGA_Urna -c FPGA_Urna
quartus_asm --read_settings_files=off --write_settings_files=off FPGA_Urna -c FPGA_Urna
quartus_sta FPGA_Urna -c FPGA_Urna



