Analysis & Synthesis report for FPGA_Urna
Fri Nov 23 00:27:03 2018
Quartus Prime Version 17.0.0 Build 595 04/25/2017 SJ Lite Edition


---------------------
; Table of Contents ;
---------------------
  1. Legal Notice
  2. Analysis & Synthesis Summary
  3. Analysis & Synthesis Settings
  4. Parallel Compilation
  5. Analysis & Synthesis Source Files Read
  6. Analysis & Synthesis Resource Usage Summary
  7. Analysis & Synthesis Resource Utilization by Entity
  8. State Machine - |FPGA_Urna|Urna_module:UrnaFPGA|Estado
  9. Registers Removed During Synthesis
 10. General Register Statistics
 11. Multiplexer Restructuring Statistics (Restructuring Performed)
 12. Post-Synthesis Netlist Statistics for Top Partition
 13. Elapsed Time Per Partition
 14. Analysis & Synthesis Messages
 15. Analysis & Synthesis Suppressed Messages



----------------
; Legal Notice ;
----------------
Copyright (C) 2017  Intel Corporation. All rights reserved.
Your use of Intel Corporation's design tools, logic functions 
and other software and tools, and its AMPP partner logic 
functions, and any output files from any of the foregoing 
(including device programming or simulation files), and any 
associated documentation or information are expressly subject 
to the terms and conditions of the Intel Program License 
Subscription Agreement, the Intel Quartus Prime License Agreement,
the Intel MegaCore Function License Agreement, or other 
applicable license agreement, including, without limitation, 
that your use is for the sole purpose of programming logic 
devices manufactured by Intel and sold by Intel or its 
authorized distributors.  Please refer to the applicable 
agreement for further details.



+----------------------------------------------------------------------------------+
; Analysis & Synthesis Summary                                                     ;
+------------------------------------+---------------------------------------------+
; Analysis & Synthesis Status        ; Successful - Fri Nov 23 00:27:03 2018       ;
; Quartus Prime Version              ; 17.0.0 Build 595 04/25/2017 SJ Lite Edition ;
; Revision Name                      ; FPGA_Urna                                   ;
; Top-level Entity Name              ; FPGA_Urna                                   ;
; Family                             ; Cyclone IV E                                ;
; Total logic elements               ; 112                                         ;
;     Total combinational functions  ; 112                                         ;
;     Dedicated logic registers      ; 58                                          ;
; Total registers                    ; 58                                          ;
; Total pins                         ; 52                                          ;
; Total virtual pins                 ; 0                                           ;
; Total memory bits                  ; 0                                           ;
; Embedded Multiplier 9-bit elements ; 0                                           ;
; Total PLLs                         ; 0                                           ;
+------------------------------------+---------------------------------------------+


+----------------------------------------------------------------------------------------------------------------------+
; Analysis & Synthesis Settings                                                                                        ;
+----------------------------------------------------------------------------+--------------------+--------------------+
; Option                                                                     ; Setting            ; Default Value      ;
+----------------------------------------------------------------------------+--------------------+--------------------+
; Device                                                                     ; EP4CE115F29C7      ;                    ;
; Top-level entity name                                                      ; FPGA_Urna          ; FPGA_Urna          ;
; Family name                                                                ; Cyclone IV E       ; Cyclone V          ;
; Use smart compilation                                                      ; Off                ; Off                ;
; Enable parallel Assembler and TimeQuest Timing Analyzer during compilation ; On                 ; On                 ;
; Enable compact report table                                                ; Off                ; Off                ;
; Restructure Multiplexers                                                   ; Auto               ; Auto               ;
; Create Debugging Nodes for IP Cores                                        ; Off                ; Off                ;
; Preserve fewer node names                                                  ; On                 ; On                 ;
; OpenCore Plus hardware evaluation                                          ; Enable             ; Enable             ;
; Verilog Version                                                            ; Verilog_2001       ; Verilog_2001       ;
; VHDL Version                                                               ; VHDL_1993          ; VHDL_1993          ;
; State Machine Processing                                                   ; Auto               ; Auto               ;
; Safe State Machine                                                         ; Off                ; Off                ;
; Extract Verilog State Machines                                             ; On                 ; On                 ;
; Extract VHDL State Machines                                                ; On                 ; On                 ;
; Ignore Verilog initial constructs                                          ; Off                ; Off                ;
; Iteration limit for constant Verilog loops                                 ; 5000               ; 5000               ;
; Iteration limit for non-constant Verilog loops                             ; 250                ; 250                ;
; Add Pass-Through Logic to Inferred RAMs                                    ; On                 ; On                 ;
; Infer RAMs from Raw Logic                                                  ; On                 ; On                 ;
; Parallel Synthesis                                                         ; On                 ; On                 ;
; DSP Block Balancing                                                        ; Auto               ; Auto               ;
; NOT Gate Push-Back                                                         ; On                 ; On                 ;
; Power-Up Don't Care                                                        ; On                 ; On                 ;
; Remove Redundant Logic Cells                                               ; Off                ; Off                ;
; Remove Duplicate Registers                                                 ; On                 ; On                 ;
; Ignore CARRY Buffers                                                       ; Off                ; Off                ;
; Ignore CASCADE Buffers                                                     ; Off                ; Off                ;
; Ignore GLOBAL Buffers                                                      ; Off                ; Off                ;
; Ignore ROW GLOBAL Buffers                                                  ; Off                ; Off                ;
; Ignore LCELL Buffers                                                       ; Off                ; Off                ;
; Ignore SOFT Buffers                                                        ; On                 ; On                 ;
; Limit AHDL Integers to 32 Bits                                             ; Off                ; Off                ;
; Optimization Technique                                                     ; Balanced           ; Balanced           ;
; Carry Chain Length                                                         ; 70                 ; 70                 ;
; Auto Carry Chains                                                          ; On                 ; On                 ;
; Auto Open-Drain Pins                                                       ; On                 ; On                 ;
; Perform WYSIWYG Primitive Resynthesis                                      ; Off                ; Off                ;
; Auto ROM Replacement                                                       ; On                 ; On                 ;
; Auto RAM Replacement                                                       ; On                 ; On                 ;
; Auto DSP Block Replacement                                                 ; On                 ; On                 ;
; Auto Shift Register Replacement                                            ; Auto               ; Auto               ;
; Allow Shift Register Merging across Hierarchies                            ; Auto               ; Auto               ;
; Auto Clock Enable Replacement                                              ; On                 ; On                 ;
; Strict RAM Replacement                                                     ; Off                ; Off                ;
; Allow Synchronous Control Signals                                          ; On                 ; On                 ;
; Force Use of Synchronous Clear Signals                                     ; Off                ; Off                ;
; Auto RAM Block Balancing                                                   ; On                 ; On                 ;
; Auto RAM to Logic Cell Conversion                                          ; Off                ; Off                ;
; Auto Resource Sharing                                                      ; Off                ; Off                ;
; Allow Any RAM Size For Recognition                                         ; Off                ; Off                ;
; Allow Any ROM Size For Recognition                                         ; Off                ; Off                ;
; Allow Any Shift Register Size For Recognition                              ; Off                ; Off                ;
; Use LogicLock Constraints during Resource Balancing                        ; On                 ; On                 ;
; Ignore translate_off and synthesis_off directives                          ; Off                ; Off                ;
; Timing-Driven Synthesis                                                    ; On                 ; On                 ;
; Report Parameter Settings                                                  ; On                 ; On                 ;
; Report Source Assignments                                                  ; On                 ; On                 ;
; Report Connectivity Checks                                                 ; On                 ; On                 ;
; Ignore Maximum Fan-Out Assignments                                         ; Off                ; Off                ;
; Synchronization Register Chain Length                                      ; 2                  ; 2                  ;
; PowerPlay Power Optimization During Synthesis                              ; Normal compilation ; Normal compilation ;
; HDL message level                                                          ; Level2             ; Level2             ;
; Suppress Register Optimization Related Messages                            ; Off                ; Off                ;
; Number of Removed Registers Reported in Synthesis Report                   ; 5000               ; 5000               ;
; Number of Swept Nodes Reported in Synthesis Report                         ; 5000               ; 5000               ;
; Number of Inverted Registers Reported in Synthesis Report                  ; 100                ; 100                ;
; Clock MUX Protection                                                       ; On                 ; On                 ;
; Auto Gated Clock Conversion                                                ; Off                ; Off                ;
; Block Design Naming                                                        ; Auto               ; Auto               ;
; SDC constraint protection                                                  ; Off                ; Off                ;
; Synthesis Effort                                                           ; Auto               ; Auto               ;
; Shift Register Replacement - Allow Asynchronous Clear Signal               ; On                 ; On                 ;
; Pre-Mapping Resynthesis Optimization                                       ; Off                ; Off                ;
; Analysis & Synthesis Message Level                                         ; Medium             ; Medium             ;
; Disable Register Merging Across Hierarchies                                ; Auto               ; Auto               ;
; Resource Aware Inference For Block RAM                                     ; On                 ; On                 ;
+----------------------------------------------------------------------------+--------------------+--------------------+


+------------------------------------------+
; Parallel Compilation                     ;
+----------------------------+-------------+
; Processors                 ; Number      ;
+----------------------------+-------------+
; Number detected on machine ; 8           ;
; Maximum allowed            ; 4           ;
;                            ;             ;
; Average used               ; 1.00        ;
; Maximum used               ; 4           ;
;                            ;             ;
; Usage by Processor         ; % Time Used ;
;     Processor 1            ; 100.0%      ;
;     Processors 2-4         ;   0.0%      ;
+----------------------------+-------------+


+-----------------------------------------------------------------------------------------------------------------------------------------------------------------------------------------------------------------+
; Analysis & Synthesis Source Files Read                                                                                                                                                                          ;
+----------------------------------+-----------------+------------------------------+-------------------------------------------------------------------------------------------------------------------+---------+
; File Name with User-Entered Path ; Used in Netlist ; File Type                    ; File Name with Absolute Path                                                                                      ; Library ;
+----------------------------------+-----------------+------------------------------+-------------------------------------------------------------------------------------------------------------------+---------+
; fpga_urna.v                      ; yes             ; Auto-Found Verilog HDL File  ; D:/GitHub Clones/Urna-Maquina-Estados-TP3_ISL/Implementação em FPGA/CodeGenerated/DE2_115/FPGA_Urna/fpga_urna.v   ;         ;
; urna_module.v                    ; yes             ; Auto-Found Verilog HDL File  ; D:/GitHub Clones/Urna-Maquina-Estados-TP3_ISL/Implementação em FPGA/CodeGenerated/DE2_115/FPGA_Urna/urna_module.v ;         ;
+----------------------------------+-----------------+------------------------------+-------------------------------------------------------------------------------------------------------------------+---------+


+--------------------------------------------------------------+
; Analysis & Synthesis Resource Usage Summary                  ;
+---------------------------------------------+----------------+
; Resource                                    ; Usage          ;
+---------------------------------------------+----------------+
; Estimated Total logic elements              ; 112            ;
;                                             ;                ;
; Total combinational functions               ; 112            ;
; Logic element usage by number of LUT inputs ;                ;
;     -- 4 input functions                    ; 52             ;
;     -- 3 input functions                    ; 22             ;
;     -- <=2 input functions                  ; 38             ;
;                                             ;                ;
; Logic elements by mode                      ;                ;
;     -- normal mode                          ; 82             ;
;     -- arithmetic mode                      ; 30             ;
;                                             ;                ;
; Total registers                             ; 58             ;
;     -- Dedicated logic registers            ; 58             ;
;     -- I/O registers                        ; 0              ;
;                                             ;                ;
; I/O pins                                    ; 52             ;
;                                             ;                ;
; Embedded Multiplier 9-bit elements          ; 0              ;
;                                             ;                ;
; Maximum fan-out node                        ; CLOCK_50~input ;
; Maximum fan-out                             ; 58             ;
; Total fan-out                               ; 567            ;
; Average fan-out                             ; 2.07           ;
+---------------------------------------------+----------------+


+----------------------------------------------------------------------------------------------------------------------------------------------------------------------------------------------------------------------+
; Analysis & Synthesis Resource Utilization by Entity                                                                                                                                                                  ;
+----------------------------+---------------------+---------------------------+-------------+--------------+---------+-----------+------+--------------+---------------------------------+-------------+--------------+
; Compilation Hierarchy Node ; Combinational ALUTs ; Dedicated Logic Registers ; Memory Bits ; DSP Elements ; DSP 9x9 ; DSP 18x18 ; Pins ; Virtual Pins ; Full Hierarchy Name             ; Entity Name ; Library Name ;
+----------------------------+---------------------+---------------------------+-------------+--------------+---------+-----------+------+--------------+---------------------------------+-------------+--------------+
; |FPGA_Urna                 ; 112 (27)            ; 58 (8)                    ; 0           ; 0            ; 0       ; 0         ; 52   ; 0            ; |FPGA_Urna                      ; FPGA_Urna   ; work         ;
;    |Urna_module:UrnaFPGA|  ; 85 (85)             ; 50 (50)                   ; 0           ; 0            ; 0       ; 0         ; 0    ; 0            ; |FPGA_Urna|Urna_module:UrnaFPGA ; Urna_module ; work         ;
+----------------------------+---------------------+---------------------------+-------------+--------------+---------+-----------+------+--------------+---------------------------------+-------------+--------------+
Note: For table entries with two numbers listed, the numbers in parentheses indicate the number of resources of the given type used by the specific entity alone. The numbers listed outside of parentheses indicate the total resources of the given type used by the specific entity and all of its sub-entities in the hierarchy.


Encoding Type:  One-Hot
+-------------------------------------------------------------------------------------------------------------------------------------------+
; State Machine - |FPGA_Urna|Urna_module:UrnaFPGA|Estado                                                                                    ;
+-------------+-------------+-------------+-------------+-------------+-------------+-------------+-------------+-------------+-------------+
; Name        ; Estado.0111 ; Estado.0110 ; Estado.0101 ; Estado.0100 ; Estado.0011 ; Estado.0010 ; Estado.0001 ; Estado.0000 ; Estado.1000 ;
+-------------+-------------+-------------+-------------+-------------+-------------+-------------+-------------+-------------+-------------+
; Estado.0000 ; 0           ; 0           ; 0           ; 0           ; 0           ; 0           ; 0           ; 0           ; 0           ;
; Estado.0001 ; 0           ; 0           ; 0           ; 0           ; 0           ; 0           ; 1           ; 1           ; 0           ;
; Estado.0010 ; 0           ; 0           ; 0           ; 0           ; 0           ; 1           ; 0           ; 1           ; 0           ;
; Estado.0011 ; 0           ; 0           ; 0           ; 0           ; 1           ; 0           ; 0           ; 1           ; 0           ;
; Estado.0100 ; 0           ; 0           ; 0           ; 1           ; 0           ; 0           ; 0           ; 1           ; 0           ;
; Estado.0101 ; 0           ; 0           ; 1           ; 0           ; 0           ; 0           ; 0           ; 1           ; 0           ;
; Estado.0110 ; 0           ; 1           ; 0           ; 0           ; 0           ; 0           ; 0           ; 1           ; 0           ;
; Estado.0111 ; 1           ; 0           ; 0           ; 0           ; 0           ; 0           ; 0           ; 1           ; 0           ;
; Estado.1000 ; 0           ; 0           ; 0           ; 0           ; 0           ; 0           ; 0           ; 1           ; 1           ;
+-------------+-------------+-------------+-------------+-------------+-------------+-------------+-------------+-------------+-------------+


+------------------------------------------------------------+
; Registers Removed During Synthesis                         ;
+---------------------------------------+--------------------+
; Register name                         ; Reason for Removal ;
+---------------------------------------+--------------------+
; Urna_module:UrnaFPGA|Estado~11        ; Lost fanout        ;
; Urna_module:UrnaFPGA|Estado~12        ; Lost fanout        ;
; Urna_module:UrnaFPGA|Estado~13        ; Lost fanout        ;
; Total Number of Removed Registers = 3 ;                    ;
+---------------------------------------+--------------------+


+------------------------------------------------------+
; General Register Statistics                          ;
+----------------------------------------------+-------+
; Statistic                                    ; Value ;
+----------------------------------------------+-------+
; Total registers                              ; 58    ;
; Number of registers using Synchronous Clear  ; 1     ;
; Number of registers using Synchronous Load   ; 0     ;
; Number of registers using Asynchronous Clear ; 0     ;
; Number of registers using Asynchronous Load  ; 0     ;
; Number of registers using Clock Enable       ; 43    ;
; Number of registers using Preset             ; 0     ;
+----------------------------------------------+-------+


+------------------------------------------------------------------------------------------------------------------------------------------------------+
; Multiplexer Restructuring Statistics (Restructuring Performed)                                                                                       ;
+--------------------+-----------+---------------+----------------------+------------------------+------------+----------------------------------------+
; Multiplexer Inputs ; Bus Width ; Baseline Area ; Area if Restructured ; Saving if Restructured ; Registered ; Example Multiplexer Output             ;
+--------------------+-----------+---------------+----------------------+------------------------+------------+----------------------------------------+
; 8:1                ; 8 bits    ; 40 LEs        ; 24 LEs               ; 16 LEs                 ; Yes        ; |FPGA_Urna|REG_AUX[0]                  ;
; 14:1               ; 9 bits    ; 81 LEs        ; 54 LEs               ; 27 LEs                 ; No         ; |FPGA_Urna|Urna_module:UrnaFPGA|Estado ;
+--------------------+-----------+---------------+----------------------+------------------------+------------+----------------------------------------+


+-----------------------------------------------------+
; Post-Synthesis Netlist Statistics for Top Partition ;
+-----------------------+-----------------------------+
; Type                  ; Count                       ;
+-----------------------+-----------------------------+
; boundary_port         ; 52                          ;
; cycloneiii_ff         ; 58                          ;
;     ENA               ; 43                          ;
;     SCLR              ; 1                           ;
;     plain             ; 14                          ;
; cycloneiii_lcell_comb ; 114                         ;
;     arith             ; 30                          ;
;         2 data inputs ; 25                          ;
;         3 data inputs ; 5                           ;
;     normal            ; 84                          ;
;         0 data inputs ; 1                           ;
;         1 data inputs ; 6                           ;
;         2 data inputs ; 8                           ;
;         3 data inputs ; 17                          ;
;         4 data inputs ; 52                          ;
;                       ;                             ;
; Max LUT depth         ; 7.00                        ;
; Average LUT depth     ; 3.07                        ;
+-----------------------+-----------------------------+


+-------------------------------+
; Elapsed Time Per Partition    ;
+----------------+--------------+
; Partition Name ; Elapsed Time ;
+----------------+--------------+
; Top            ; 00:00:00     ;
+----------------+--------------+


+-------------------------------+
; Analysis & Synthesis Messages ;
+-------------------------------+
Info: *******************************************************************
Info: Running Quartus Prime Analysis & Synthesis
    Info: Version 17.0.0 Build 595 04/25/2017 SJ Lite Edition
    Info: Processing started: Fri Nov 23 00:26:53 2018
Info: Command: quartus_map --read_settings_files=on --write_settings_files=off FPGA_Urna -c FPGA_Urna
Warning (18236): Number of processors has not been specified which may cause overloading on shared machines.  Set the global assignment NUM_PARALLEL_PROCESSORS in your QSF to an appropriate value for best performance.
Info (20030): Parallel compilation is enabled and will use 4 of the 4 processors detected
Warning (12125): Using design file fpga_urna.v, which is not specified as a design file for the current project, but contains definitions for 1 design units and 1 entities in project
    Info (12023): Found entity 1: FPGA_Urna File: D:/GitHub Clones/Urna-Maquina-Estados-TP3_ISL/Implementação em FPGA/CodeGenerated/DE2_115/FPGA_Urna/fpga_urna.v Line: 6
Info (12127): Elaborating entity "FPGA_Urna" for the top level hierarchy
Warning (10034): Output port "LEDG[8]" at fpga_urna.v(39) has no driver File: D:/GitHub Clones/Urna-Maquina-Estados-TP3_ISL/Implementação em FPGA/CodeGenerated/DE2_115/FPGA_Urna/fpga_urna.v Line: 39
Warning (10034): Output port "LEDG[6..0]" at fpga_urna.v(39) has no driver File: D:/GitHub Clones/Urna-Maquina-Estados-TP3_ISL/Implementação em FPGA/CodeGenerated/DE2_115/FPGA_Urna/fpga_urna.v Line: 39
Warning (10034): Output port "LEDR[9..1]" at fpga_urna.v(40) has no driver File: D:/GitHub Clones/Urna-Maquina-Estados-TP3_ISL/Implementação em FPGA/CodeGenerated/DE2_115/FPGA_Urna/fpga_urna.v Line: 40
Warning (12125): Using design file urna_module.v, which is not specified as a design file for the current project, but contains definitions for 1 design units and 1 entities in project
    Info (12023): Found entity 1: Urna_module File: D:/GitHub Clones/Urna-Maquina-Estados-TP3_ISL/Implementação em FPGA/CodeGenerated/DE2_115/FPGA_Urna/urna_module.v Line: 1
Info (12128): Elaborating entity "Urna_module" for hierarchy "Urna_module:UrnaFPGA" File: D:/GitHub Clones/Urna-Maquina-Estados-TP3_ISL/Implementação em FPGA/CodeGenerated/DE2_115/FPGA_Urna/fpga_urna.v Line: 66
Warning (13024): Output pins are stuck at VCC or GND
    Warning (13410): Pin "LEDG[0]" is stuck at GND File: D:/GitHub Clones/Urna-Maquina-Estados-TP3_ISL/Implementação em FPGA/CodeGenerated/DE2_115/FPGA_Urna/fpga_urna.v Line: 39
    Warning (13410): Pin "LEDG[1]" is stuck at GND File: D:/GitHub Clones/Urna-Maquina-Estados-TP3_ISL/Implementação em FPGA/CodeGenerated/DE2_115/FPGA_Urna/fpga_urna.v Line: 39
    Warning (13410): Pin "LEDG[2]" is stuck at GND File: D:/GitHub Clones/Urna-Maquina-Estados-TP3_ISL/Implementação em FPGA/CodeGenerated/DE2_115/FPGA_Urna/fpga_urna.v Line: 39
    Warning (13410): Pin "LEDG[3]" is stuck at GND File: D:/GitHub Clones/Urna-Maquina-Estados-TP3_ISL/Implementação em FPGA/CodeGenerated/DE2_115/FPGA_Urna/fpga_urna.v Line: 39
    Warning (13410): Pin "LEDG[4]" is stuck at GND File: D:/GitHub Clones/Urna-Maquina-Estados-TP3_ISL/Implementação em FPGA/CodeGenerated/DE2_115/FPGA_Urna/fpga_urna.v Line: 39
    Warning (13410): Pin "LEDG[5]" is stuck at GND File: D:/GitHub Clones/Urna-Maquina-Estados-TP3_ISL/Implementação em FPGA/CodeGenerated/DE2_115/FPGA_Urna/fpga_urna.v Line: 39
    Warning (13410): Pin "LEDG[6]" is stuck at GND File: D:/GitHub Clones/Urna-Maquina-Estados-TP3_ISL/Implementação em FPGA/CodeGenerated/DE2_115/FPGA_Urna/fpga_urna.v Line: 39
    Warning (13410): Pin "LEDG[8]" is stuck at GND File: D:/GitHub Clones/Urna-Maquina-Estados-TP3_ISL/Implementação em FPGA/CodeGenerated/DE2_115/FPGA_Urna/fpga_urna.v Line: 39
    Warning (13410): Pin "LEDR[1]" is stuck at GND File: D:/GitHub Clones/Urna-Maquina-Estados-TP3_ISL/Implementação em FPGA/CodeGenerated/DE2_115/FPGA_Urna/fpga_urna.v Line: 40
    Warning (13410): Pin "LEDR[2]" is stuck at GND File: D:/GitHub Clones/Urna-Maquina-Estados-TP3_ISL/Implementação em FPGA/CodeGenerated/DE2_115/FPGA_Urna/fpga_urna.v Line: 40
    Warning (13410): Pin "LEDR[3]" is stuck at GND File: D:/GitHub Clones/Urna-Maquina-Estados-TP3_ISL/Implementação em FPGA/CodeGenerated/DE2_115/FPGA_Urna/fpga_urna.v Line: 40
    Warning (13410): Pin "LEDR[4]" is stuck at GND File: D:/GitHub Clones/Urna-Maquina-Estados-TP3_ISL/Implementação em FPGA/CodeGenerated/DE2_115/FPGA_Urna/fpga_urna.v Line: 40
    Warning (13410): Pin "LEDR[5]" is stuck at GND File: D:/GitHub Clones/Urna-Maquina-Estados-TP3_ISL/Implementação em FPGA/CodeGenerated/DE2_115/FPGA_Urna/fpga_urna.v Line: 40
    Warning (13410): Pin "LEDR[6]" is stuck at GND File: D:/GitHub Clones/Urna-Maquina-Estados-TP3_ISL/Implementação em FPGA/CodeGenerated/DE2_115/FPGA_Urna/fpga_urna.v Line: 40
    Warning (13410): Pin "LEDR[7]" is stuck at GND File: D:/GitHub Clones/Urna-Maquina-Estados-TP3_ISL/Implementação em FPGA/CodeGenerated/DE2_115/FPGA_Urna/fpga_urna.v Line: 40
    Warning (13410): Pin "LEDR[8]" is stuck at GND File: D:/GitHub Clones/Urna-Maquina-Estados-TP3_ISL/Implementação em FPGA/CodeGenerated/DE2_115/FPGA_Urna/fpga_urna.v Line: 40
    Warning (13410): Pin "LEDR[9]" is stuck at GND File: D:/GitHub Clones/Urna-Maquina-Estados-TP3_ISL/Implementação em FPGA/CodeGenerated/DE2_115/FPGA_Urna/fpga_urna.v Line: 40
Info (286030): Timing-Driven Synthesis is running
Info (17049): 3 registers lost all their fanouts during netlist optimizations.
Info (144001): Generated suppressed messages file D:/GitHub Clones/Urna-Maquina-Estados-TP3_ISL/Implementação em FPGA/CodeGenerated/DE2_115/FPGA_Urna/FPGA_Urna.map.smsg
Info (16010): Generating hard_block partition "hard_block:auto_generated_inst"
    Info (16011): Adding 0 node(s), including 0 DDIO, 0 PLL, 0 transceiver and 0 LCELL
Warning (21074): Design contains 15 input pin(s) that do not drive logic
    Warning (15610): No output dependent on input pin "CLOCK2_50" File: D:/GitHub Clones/Urna-Maquina-Estados-TP3_ISL/Implementação em FPGA/CodeGenerated/DE2_115/FPGA_Urna/fpga_urna.v Line: 35
    Warning (15610): No output dependent on input pin "CLOCK3_50" File: D:/GitHub Clones/Urna-Maquina-Estados-TP3_ISL/Implementação em FPGA/CodeGenerated/DE2_115/FPGA_Urna/fpga_urna.v Line: 36
    Warning (15610): No output dependent on input pin "KEY[0]" File: D:/GitHub Clones/Urna-Maquina-Estados-TP3_ISL/Implementação em FPGA/CodeGenerated/DE2_115/FPGA_Urna/fpga_urna.v Line: 43
    Warning (15610): No output dependent on input pin "KEY[1]" File: D:/GitHub Clones/Urna-Maquina-Estados-TP3_ISL/Implementação em FPGA/CodeGenerated/DE2_115/FPGA_Urna/fpga_urna.v Line: 43
    Warning (15610): No output dependent on input pin "SW[3]" File: D:/GitHub Clones/Urna-Maquina-Estados-TP3_ISL/Implementação em FPGA/CodeGenerated/DE2_115/FPGA_Urna/fpga_urna.v Line: 46
    Warning (15610): No output dependent on input pin "SW[4]" File: D:/GitHub Clones/Urna-Maquina-Estados-TP3_ISL/Implementação em FPGA/CodeGenerated/DE2_115/FPGA_Urna/fpga_urna.v Line: 46
    Warning (15610): No output dependent on input pin "SW[5]" File: D:/GitHub Clones/Urna-Maquina-Estados-TP3_ISL/Implementação em FPGA/CodeGenerated/DE2_115/FPGA_Urna/fpga_urna.v Line: 46
    Warning (15610): No output dependent on input pin "SW[6]" File: D:/GitHub Clones/Urna-Maquina-Estados-TP3_ISL/Implementação em FPGA/CodeGenerated/DE2_115/FPGA_Urna/fpga_urna.v Line: 46
    Warning (15610): No output dependent on input pin "SW[7]" File: D:/GitHub Clones/Urna-Maquina-Estados-TP3_ISL/Implementação em FPGA/CodeGenerated/DE2_115/FPGA_Urna/fpga_urna.v Line: 46
    Warning (15610): No output dependent on input pin "SW[8]" File: D:/GitHub Clones/Urna-Maquina-Estados-TP3_ISL/Implementação em FPGA/CodeGenerated/DE2_115/FPGA_Urna/fpga_urna.v Line: 46
    Warning (15610): No output dependent on input pin "SW[9]" File: D:/GitHub Clones/Urna-Maquina-Estados-TP3_ISL/Implementação em FPGA/CodeGenerated/DE2_115/FPGA_Urna/fpga_urna.v Line: 46
    Warning (15610): No output dependent on input pin "SW[10]" File: D:/GitHub Clones/Urna-Maquina-Estados-TP3_ISL/Implementação em FPGA/CodeGenerated/DE2_115/FPGA_Urna/fpga_urna.v Line: 46
    Warning (15610): No output dependent on input pin "SW[11]" File: D:/GitHub Clones/Urna-Maquina-Estados-TP3_ISL/Implementação em FPGA/CodeGenerated/DE2_115/FPGA_Urna/fpga_urna.v Line: 46
    Warning (15610): No output dependent on input pin "SW[12]" File: D:/GitHub Clones/Urna-Maquina-Estados-TP3_ISL/Implementação em FPGA/CodeGenerated/DE2_115/FPGA_Urna/fpga_urna.v Line: 46
    Warning (15610): No output dependent on input pin "SW[13]" File: D:/GitHub Clones/Urna-Maquina-Estados-TP3_ISL/Implementação em FPGA/CodeGenerated/DE2_115/FPGA_Urna/fpga_urna.v Line: 46
Info (21057): Implemented 164 device resources after synthesis - the final resource count might be different
    Info (21058): Implemented 25 input pins
    Info (21059): Implemented 27 output pins
    Info (21061): Implemented 112 logic cells
Info: Quartus Prime Analysis & Synthesis was successful. 0 errors, 40 warnings
    Info: Peak virtual memory: 621 megabytes
    Info: Processing ended: Fri Nov 23 00:27:03 2018
    Info: Elapsed time: 00:00:10
    Info: Total CPU time (on all processors): 00:00:24


+------------------------------------------+
; Analysis & Synthesis Suppressed Messages ;
+------------------------------------------+
The suppressed messages can be found in D:/GitHub Clones/Urna-Maquina-Estados-TP3_ISL/Implementação em FPGA/CodeGenerated/DE2_115/FPGA_Urna/FPGA_Urna.map.smsg.


